<?xml version="1.0" encoding="UTF-8"?>
<testng-results skipped="0" failed="0" ignored="1" total="2" passed="1">
  <reporter-output>
  </reporter-output>
  <suite name="Default suite" duration-ms="1690" started-at="2017-11-21T06:29:47Z" finished-at="2017-11-21T06:29:49Z">
    <groups>
    </groups>
    <test name="Default test" duration-ms="1690" started-at="2017-11-21T06:29:47Z" finished-at="2017-11-21T06:29:49Z">
      <class name="basic.GetRequestDemo">
        <test-method status="PASS" signature="setup()[pri:0, instance:basic.GetRequestDemo@7cd62f43]" name="setup" is-config="true" duration-ms="227" started-at="2017-11-20T22:29:47Z" finished-at="2017-11-20T22:29:48Z">
          <reporter-output>
          </reporter-output>
        </test-method> <!-- setup -->
        <test-method status="PASS" signature="getResponseBody()[pri:0, instance:basic.GetRequestDemo@7cd62f43]" name="getResponseBody" duration-ms="1454" started-at="2017-11-20T22:29:48Z" finished-at="2017-11-20T22:29:49Z">
          <reporter-output>
          </reporter-output>
        </test-method> <!-- getResponseBody -->
      </class> <!-- basic.GetRequestDemo -->
    </test> <!-- Default test -->
  </suite> <!-- Default suite -->
</testng-results>
